# JRE version: Java(TM) SE Runtime Environment (8.0_77-b03) (build 1.8.0_77-b03)
# Java VM: Java HotSpot(TM) 64-Bit Server VM (25.77-b03 mixed mode windows-amd64 compressed oops)
Heap:
 PSYoungGen      total 1301504K, used 572667K [0x000000076b800000, 0x00000007c0000000, 0x00000007c0000000)
  eden space 1220608K, 42% used [0x000000076b800000,0x000000078b7d6fe0,0x00000007b6000000)
  from space 80896K, 60% used [0x00000007bb100000,0x00000007be068010,0x00000007c0000000)
  to   space 81920K, 0% used [0x00000007b6000000,0x00000007b6000000,0x00000007bb000000)
 ParOldGen       total 173568K, used 110561K [0x00000006c2800000, 0x00000006cd180000, 0x000000076b800000)
  object space 173568K, 63% used [0x00000006c2800000,0x00000006c93f8528,0x00000006cd180000)
 Metaspace       used 7028K, capacity 7226K, committed 7296K, reserved 1056768K
  class space    used 738K, capacity 830K, committed 896K, reserved 1048576K
GC Heap History (10 events):
Event: 3.869 GC heap before
{Heap before GC invocations=6 (full 0):
 PSYoungGen      total 270848K, used 270840K [0x000000076b800000, 0x000000078fc00000, 0x00000007c0000000)
  eden space 260096K, 100% used [0x000000076b800000,0x000000077b600000,0x000000077b600000)
  from space 10752K, 99% used [0x000000077b600000,0x000000077c07e010,0x000000077c080000)
  to   space 36864K, 0% used [0x000000078d800000,0x000000078d800000,0x000000078fc00000)
 ParOldGen       total 173568K, used 39685K [0x00000006c2800000, 0x00000006cd180000, 0x000000076b800000)
  object space 173568K, 22% used [0x00000006c2800000,0x00000006c4ec1548,0x00000006cd180000)
 Metaspace       used 6639K, capacity 6874K, committed 7040K, reserved 1056768K
  class space    used 728K, capacity 798K, committed 896K, reserved 1048576K
Event: 3.892 GC heap after
Heap after GC invocations=6 (full 0):
 PSYoungGen      total 553984K, used 12536K [0x000000076b800000, 0x000000078f900000, 0x00000007c0000000)
  eden space 520192K, 0% used [0x000000076b800000,0x000000076b800000,0x000000078b400000)
  from space 33792K, 37% used [0x000000078d800000,0x000000078e43e020,0x000000078f900000)
  to   space 35328K, 0% used [0x000000078b400000,0x000000078b400000,0x000000078d680000)
 ParOldGen       total 173568K, used 39693K [0x00000006c2800000, 0x00000006cd180000, 0x000000076b800000)
  object space 173568K, 22% used [0x00000006c2800000,0x00000006c4ec3548,0x00000006cd180000)
 Metaspace       used 6639K, capacity 6874K, committed 7040K, reserved 1056768K
  class space    used 728K, capacity 798K, committed 896K, reserved 1048576K
}
Event: 5.048 GC heap before
{Heap before GC invocations=7 (full 0):
 PSYoungGen      total 553984K, used 532728K [0x000000076b800000, 0x000000078f900000, 0x00000007c0000000)
  eden space 520192K, 100% used [0x000000076b800000,0x000000078b400000,0x000000078b400000)
  from space 33792K, 37% used [0x000000078d800000,0x000000078e43e020,0x000000078f900000)
  to   space 35328K, 0% used [0x000000078b400000,0x000000078b400000,0x000000078d680000)
 ParOldGen       total 173568K, used 39693K [0x00000006c2800000, 0x00000006cd180000, 0x000000076b800000)
  object space 173568K, 22% used [0x00000006c2800000,0x00000006c4ec3548,0x00000006cd180000)
 Metaspace       used 6640K, capacity 6874K, committed 7040K, reserved 1056768K
  class space    used 728K, capacity 798K, committed 896K, reserved 1048576K
Event: 5.110 GC heap after
Heap after GC invocations=7 (full 0):
 PSYoungGen      total 555520K, used 35296K [0x000000076b800000, 0x00000007b1800000, 0x00000007c0000000)
  eden space 520192K, 0% used [0x000000076b800000,0x000000076b800000,0x000000078b400000)
  from space 35328K, 99% used [0x000000078b400000,0x000000078d678010,0x000000078d680000)
  to   space 53248K, 0% used [0x00000007ae400000,0x00000007ae400000,0x00000007b1800000)
 ParOldGen       total 173568K, used 62553K [0x00000006c2800000, 0x00000006cd180000, 0x000000076b800000)
  object space 173568K, 36% used [0x00000006c2800000,0x00000006c6516518,0x00000006cd180000)
 Metaspace       used 6640K, capacity 6874K, committed 7040K, reserved 1056768K
  class space    used 728K, capacity 798K, committed 896K, reserved 1048576K
}
Event: 5.808 GC heap before
{Heap before GC invocations=8 (full 0):
 PSYoungGen      total 555520K, used 555488K [0x000000076b800000, 0x00000007b1800000, 0x00000007c0000000)
  eden space 520192K, 100% used [0x000000076b800000,0x000000078b400000,0x000000078b400000)
  from space 35328K, 99% used [0x000000078b400000,0x000000078d678010,0x000000078d680000)
  to   space 53248K, 0% used [0x00000007ae400000,0x00000007ae400000,0x00000007b1800000)
 ParOldGen       total 173568K, used 62553K [0x00000006c2800000, 0x00000006cd180000, 0x000000076b800000)
  object space 173568K, 36% used [0x00000006c2800000,0x00000006c6516518,0x00000006cd180000)
 Metaspace       used 6640K, capacity 6874K, committed 7040K, reserved 1056768K
  class space    used 728K, capacity 798K, committed 896K, reserved 1048576K
Event: 5.867 GC heap after
Heap after GC invocations=8 (full 0):
 PSYoungGen      total 1069568K, used 53216K [0x000000076b800000, 0x00000007b4700000, 0x00000007c0000000)
  eden space 1016320K, 0% used [0x000000076b800000,0x000000076b800000,0x00000007a9880000)
  from space 53248K, 99% used [0x00000007ae400000,0x00000007b17f8010,0x00000007b1800000)
  to   space 77312K, 0% used [0x00000007a9880000,0x00000007a9880000,0x00000007ae400000)
 ParOldGen       total 173568K, used 95897K [0x00000006c2800000, 0x00000006cd180000, 0x000000076b800000)
  object space 173568K, 55% used [0x00000006c2800000,0x00000006c85a6518,0x00000006cd180000)
 Metaspace       used 6640K, capacity 6874K, committed 7040K, reserved 1056768K
  class space    used 728K, capacity 798K, committed 896K, reserved 1048576K
}
Event: 8.706 GC heap before
{Heap before GC invocations=9 (full 0):
 PSYoungGen      total 1069568K, used 1069536K [0x000000076b800000, 0x00000007b4700000, 0x00000007c0000000)
  eden space 1016320K, 100% used [0x000000076b800000,0x00000007a9880000,0x00000007a9880000)
  from space 53248K, 99% used [0x00000007ae400000,0x00000007b17f8010,0x00000007b1800000)
  to   space 77312K, 0% used [0x00000007a9880000,0x00000007a9880000,0x00000007ae400000)
 ParOldGen       total 173568K, used 95897K [0x00000006c2800000, 0x00000006cd180000, 0x000000076b800000)
  object space 173568K, 55% used [0x00000006c2800000,0x00000006c85a6518,0x00000006cd180000)
 Metaspace       used 6640K, capacity 6874K, committed 7040K, reserved 1056768K
  class space    used 728K, capacity 798K, committed 896K, reserved 1048576K
Event: 8.769 GC heap after
Heap after GC invocations=9 (full 0):
 PSYoungGen      total 1093632K, used 51296K [0x000000076b800000, 0x00000007c0000000, 0x00000007c0000000)
  eden space 1016320K, 0% used [0x000000076b800000,0x000000076b800000,0x00000007a9880000)
  from space 77312K, 66% used [0x00000007a9880000,0x00000007aca98020,0x00000007ae400000)
  to   space 80896K, 0% used [0x00000007bb100000,0x00000007bb100000,0x00000007c0000000)
 ParOldGen       total 173568K, used 102505K [0x00000006c2800000, 0x00000006cd180000, 0x000000076b800000)
  object space 173568K, 59% used [0x00000006c2800000,0x00000006c8c1a528,0x00000006cd180000)
 Metaspace       used 6640K, capacity 6874K, committed 7040K, reserved 1056768K
  class space    used 728K, capacity 798K, committed 896K, reserved 1048576K
}
Event: 11.602 GC heap before
{Heap before GC invocations=10 (full 0):
 PSYoungGen      total 1093632K, used 1067616K [0x000000076b800000, 0x00000007c0000000, 0x00000007c0000000)
  eden space 1016320K, 100% used [0x000000076b800000,0x00000007a9880000,0x00000007a9880000)
  from space 77312K, 66% used [0x00000007a9880000,0x00000007aca98020,0x00000007ae400000)
  to   space 80896K, 0% used [0x00000007bb100000,0x00000007bb100000,0x00000007c0000000)
 ParOldGen       total 173568K, used 102505K [0x00000006c2800000, 0x00000006cd180000, 0x000000076b800000)
  object space 173568K, 59% used [0x00000006c2800000,0x00000006c8c1a528,0x00000006cd180000)
 Metaspace       used 6642K, capacity 6874K, committed 7040K, reserved 1056768K
  class space    used 728K, capacity 798K, committed 896K, reserved 1048576K
Event: 11.670 GC heap after
Heap after GC invocations=10 (full 0):
 PSYoungGen      total 1301504K, used 48544K [0x000000076b800000, 0x00000007c0000000, 0x00000007c0000000)
  eden space 1220608K, 0% used [0x000000076b800000,0x000000076b800000,0x00000007b6000000)
  from space 80896K, 60% used [0x00000007bb100000,0x00000007be068010,0x00000007c0000000)
  to   space 81920K, 0% used [0x00000007b6000000,0x00000007b6000000,0x00000007bb000000)
 ParOldGen       total 173568K, used 110561K [0x00000006c2800000, 0x00000006cd180000, 0x000000076b800000)
  object space 173568K, 63% used [0x00000006c2800000,0x00000006c93f8528,0x00000006cd180000)
 Metaspace       used 6642K, capacity 6874K, committed 7040K, reserved 1056768K
  class space    used 728K, capacity 798K, committed 896K, reserved 1048576K
}

